# JRE version: Java(TM) SE Runtime Environment (21.0.2+13) (build 21.0.2+13-LTS-58)
# Java VM: Java HotSpot(TM) 64-Bit Server VM (21.0.2+13-LTS-58, mixed mode, emulated-client, sharing, tiered, compressed oops, compressed class ptrs, g1 gc, windows-amd64)
GC Precious Log:
 CardTable entry size: 512
 Card Set container configuration: InlinePtr #cards 4 size 8 Array Of Cards #cards 16 size 48 Howl #buckets 8 coarsen threshold 3686 Howl Bitmap #cards 512 size 80 coarsen threshold 460 Card regions per heap region 1 cards per card region 4096
 CPUs: 12 total, 12 available
 Memory: 15724M
 Large Page Support: Disabled
 NUMA Support: Disabled
 Compressed Oops: Enabled (Zero based)
 Heap Region Size: 2M
 Heap Min Capacity: 8M
 Heap Initial Capacity: 246M
 Heap Max Capacity: 3932M
 Pre-touch: Disabled
 Parallel Workers: 10
 Concurrent Workers: 3
 Concurrent Refinement Workers: 10
 Periodic GC: Disabled
Heap:
 garbage-first heap   total 81920K, used 26041K [0x000000070a400000, 0x0000000800000000)
  region size 2048K, 2 young (4096K), 2 survivors (4096K)
 Metaspace       used 32253K, committed 32704K, reserved 1114112K
  class space    used 4488K, committed 4672K, reserved 1048576K
GC Heap History (11 events):
Event: 0.460 GC heap before
{Heap before GC invocations=0 (full 0):
 garbage-first heap   total 251904K, used 20480K [0x000000070a400000, 0x0000000800000000)
  region size 2048K, 11 young (22528K), 0 survivors (0K)
 Metaspace       used 4454K, committed 4672K, reserved 1114112K
  class space    used 518K, committed 640K, reserved 1048576K
}
Event: 0.465 GC heap after
{Heap after GC invocations=1 (full 0):
 garbage-first heap   total 251904K, used 10592K [0x000000070a400000, 0x0000000800000000)
  region size 2048K, 2 young (4096K), 2 survivors (4096K)
 Metaspace       used 4454K, committed 4672K, reserved 1114112K
  class space    used 518K, committed 640K, reserved 1048576K
}
Event: 0.622 GC heap before
{Heap before GC invocations=1 (full 0):
 garbage-first heap   total 251904K, used 26976K [0x000000070a400000, 0x0000000800000000)
  region size 2048K, 11 young (22528K), 2 survivors (4096K)
 Metaspace       used 7459K, committed 7680K, reserved 1114112K
  class space    used 914K, committed 1024K, reserved 1048576K
}
Event: 0.627 GC heap after
{Heap after GC invocations=2 (full 0):
 garbage-first heap   total 251904K, used 16733K [0x000000070a400000, 0x0000000800000000)
  region size 2048K, 2 young (4096K), 2 survivors (4096K)
 Metaspace       used 7459K, committed 7680K, reserved 1114112K
  class space    used 914K, committed 1024K, reserved 1048576K
}
Event: 1.253 GC heap before
{Heap before GC invocations=2 (full 0):
 garbage-first heap   total 251904K, used 59741K [0x000000070a400000, 0x0000000800000000)
  region size 2048K, 24 young (49152K), 2 survivors (4096K)
 Metaspace       used 17699K, committed 18048K, reserved 1114112K
  class space    used 2229K, committed 2368K, reserved 1048576K
}
Event: 1.259 GC heap after
{Heap after GC invocations=3 (full 0):
 garbage-first heap   total 251904K, used 18944K [0x000000070a400000, 0x0000000800000000)
  region size 2048K, 2 young (4096K), 2 survivors (4096K)
 Metaspace       used 17699K, committed 18048K, reserved 1114112K
  class space    used 2229K, committed 2368K, reserved 1048576K
}
Event: 1.555 GC heap before
{Heap before GC invocations=3 (full 0):
 garbage-first heap   total 251904K, used 39424K [0x000000070a400000, 0x0000000800000000)
  region size 2048K, 13 young (26624K), 2 survivors (4096K)
 Metaspace       used 21040K, committed 21504K, reserved 1114112K
  class space    used 2769K, committed 3008K, reserved 1048576K
}
Event: 1.559 GC heap after
{Heap after GC invocations=4 (full 0):
 garbage-first heap   total 251904K, used 20279K [0x000000070a400000, 0x0000000800000000)
  region size 2048K, 3 young (6144K), 3 survivors (6144K)
 Metaspace       used 21040K, committed 21504K, reserved 1114112K
  class space    used 2769K, committed 3008K, reserved 1048576K
}
Event: 2.094 GC heap before
{Heap before GC invocations=5 (full 0):
 garbage-first heap   total 81920K, used 61239K [0x000000070a400000, 0x0000000800000000)
  region size 2048K, 24 young (49152K), 3 survivors (6144K)
 Metaspace       used 27789K, committed 28224K, reserved 1114112K
  class space    used 3754K, committed 3968K, reserved 1048576K
}
Event: 2.103 GC heap after
{Heap after GC invocations=6 (full 0):
 garbage-first heap   total 81920K, used 23808K [0x000000070a400000, 0x0000000800000000)
  region size 2048K, 3 young (6144K), 3 survivors (6144K)
 Metaspace       used 27789K, committed 28224K, reserved 1114112K
  class space    used 3754K, committed 3968K, reserved 1048576K
}
Event: 3.760 GC heap before
{Heap before GC invocations=6 (full 0):
 garbage-first heap   total 81920K, used 60672K [0x000000070a400000, 0x0000000800000000)
  region size 2048K, 21 young (43008K), 3 survivors (6144K)
 Metaspace       used 32253K, committed 32704K, reserved 1114112K
  class space    used 4488K, committed 4672K, reserved 1048576K
}

